<?xml version="1.0" encoding="UTF-8"?>
<testng-results total="1" passed="0" failed="0" skipped="1">
  <reporter-output>
  </reporter-output>
  <suite started-at="2021-03-12T06:40:11Z" name="Default suite" finished-at="2021-03-12T06:40:37Z" duration-ms="25766">
    <groups>
    </groups>
    <test started-at="2021-03-12T06:40:11Z" name="Default test" finished-at="2021-03-12T06:40:37Z" duration-ms="25766">
      <class name="tests.HomePageTest">
        <test-method is-config="true" signature="setupbrowser()[pri:0, instance:tests.HomePageTest@6d026701]" started-at="2021-03-12T12:10:11Z" name="setupbrowser" finished-at="2021-03-12T12:10:11Z" duration-ms="0" status="FAIL">
          <exception class="java.lang.StackOverflowError">
            <full-stacktrace>
              <![CDATA[java.lang.StackOverflowError
	at java.base/java.util.stream.StreamOpFlag.fromCharacteristics(StreamOpFlag.java:733)
	at java.base/java.util.stream.StreamSupport.stream(StreamSupport.java:70)
	at java.base/java.util.Arrays.stream(Arrays.java:5446)
	at java.base/java.util.Arrays.stream(Arrays.java:5427)
	at java.base/java.lang.Class.methodToString(Class.java:3579)
	at java.base/java.lang.Class.getConstructor0(Class.java:3508)
	at java.base/java.lang.Class.getConstructor(Class.java:2244)
	at org.openqa.selenium.support.PageFactory.instantiatePage(PageFactory.java:128)
	at org.openqa.selenium.support.PageFactory.initElements(PageFactory.java:64)
	at page.HomePageObject.<init>(HomePageObject.java:13)
	at jdk.internal.reflect.GeneratedConstructorAccessor9.newInstance(Unknown Source)
	at java.base/jdk.internal.reflect.DelegatingConstructorAccessorImpl.newInstance(DelegatingConstructorAccessorImpl.java:45)
	at java.base/java.lang.reflect.Constructor.newInstanceWithCaller(Constructor.java:500)
	at java.base/java.lang.reflect.ReflectAccess.newInstance(ReflectAccess.java:128)
	at java.base/jdk.internal.reflect.ReflectionFactory.newInstance(ReflectionFactory.java:350)
	at java.base/java.lang.Class.newInstance(Class.java:645)
	at org.openqa.selenium.support.PageFactory.instantiatePage(PageFactory.java:131)
	at org.openqa.selenium.support.PageFactory.initElements(PageFactory.java:64)
	at page.HomePageObject.<init>(HomePageObject.java:13)
	at jdk.internal.reflect.GeneratedConstructorAccessor9.newInstance(Unknown Source)
	at java.base/jdk.internal.reflect.DelegatingConstructorAccessorImpl.newInstance(DelegatingConstructorAccessorImpl.java:45)
	at java.base/java.lang.reflect.Constructor.newInstanceWithCaller(Constructor.java:500)
	at java.base/java.lang.reflect.ReflectAccess.newInstance(ReflectAccess.java:128)
	at java.base/jdk.internal.reflect.ReflectionFactory.newInstance(ReflectionFactory.java:350)
	at java.base/java.lang.Class.newInstance(Class.java:645)
	at org.openqa.selenium.support.PageFactory.instantiatePage(PageFactory.java:131)
	at org.openqa.selenium.support.PageFactory.initElements(PageFactory.java:64)
	at page.HomePageObject.<init>(HomePageObject.java:13)
	at jdk.internal.reflect.GeneratedConstructorAccessor9.newInstance(Unknown Source)
	at java.base/jdk.internal.reflect.DelegatingConstructorAccessorImpl.newInstance(DelegatingConstructorAccessorImpl.java:45)
	at java.base/java.lang.reflect.Constructor.newInstanceWithCaller(Constructor.java:500)
	at java.base/java.lang.reflect.ReflectAccess.newInstance(ReflectAccess.java:128)
	at java.base/jdk.internal.reflect.ReflectionFactory.newInstance(ReflectionFactory.java:350)
	at java.base/java.lang.Class.newInstance(Class.java:645)
	at org.openqa.selenium.support.PageFactory.instantiatePage(PageFactory.java:131)
	at org.openqa.selenium.support.PageFactory.initElements(PageFactory.java:64)
	at page.HomePageObject.<init>(HomePageObject.java:13)
	at jdk.internal.reflect.GeneratedConstructorAccessor9.newInstance(Unknown Source)
	at java.base/jdk.internal.reflect.DelegatingConstructorAccessorImpl.newInstance(DelegatingConstructorAccessorImpl.java:45)
	at java.base/java.lang.reflect.Constructor.newInstanceWithCaller(Constructor.java:500)
	at java.base/java.lang.reflect.ReflectAccess.newInstance(ReflectAccess.java:128)
	at java.base/jdk.internal.reflect.ReflectionFactory.newInstance(ReflectionFactory.java:350)
	at java.base/java.lang.Class.newInstance(Class.java:645)
	at org.openqa.selenium.support.PageFactory.instantiatePage(PageFactory.java:131)
	at org.openqa.selenium.support.PageFactory.initElements(PageFactory.java:64)
	at page.HomePageObject.<init>(HomePageObject.java:13)
	at jdk.internal.reflect.GeneratedConstructorAccessor9.newInstance(Unknown Source)
	at java.base/jdk.internal.reflect.DelegatingConstructorAccessorImpl.newInstance(DelegatingConstructorAccessorImpl.java:45)
	at java.base/java.lang.reflect.Constructor.newInstanceWithCaller(Constructor.java:500)
	at java.base/java.lang.reflect.ReflectAccess.newInstance(ReflectAccess.java:128)
	at java.base/jdk.internal.reflect.ReflectionFactory.newInstance(ReflectionFactory.java:350)
	at java.base/java.lang.Class.newInstance(Class.java:645)
	at org.openqa.selenium.support.PageFactory.instantiatePage(PageFactory.java:131)
	at org.openqa.selenium.support.PageFactory.initElements(PageFactory.java:64)
	at page.HomePageObject.<init>(HomePageObject.java:13)
	at jdk.internal.reflect.GeneratedConstructorAccessor9.newInstance(Unknown Source)
	at java.base/jdk.internal.reflect.DelegatingConstructorAccessorImpl.newInstance(DelegatingConstructorAccessorImpl.java:45)
	at java.base/java.lang.reflect.Constructor.newInstanceWithCaller(Constructor.java:500)
	at java.base/java.lang.reflect.ReflectAccess.newInstance(ReflectAccess.java:128)
	at java.base/jdk.internal.reflect.ReflectionFactory.newInstance(ReflectionFactory.java:350)
	at java.base/java.lang.Class.newInstance(Class.java:645)
	at org.openqa.selenium.support.PageFactory.instantiatePage(PageFactory.java:131)
	at org.openqa.selenium.support.PageFactory.initElements(PageFactory.java:64)
	at page.HomePageObject.<init>(HomePageObject.java:13)
	at jdk.internal.reflect.GeneratedConstructorAccessor9.newInstance(Unknown Source)
	at java.base/jdk.internal.reflect.DelegatingConstructorAccessorImpl.newInstance(DelegatingConstructorAccessorImpl.java:45)
	at java.base/java.lang.reflect.Constructor.newInstanceWithCaller(Constructor.java:500)
	at java.base/java.lang.reflect.ReflectAccess.newInstance(ReflectAccess.java:128)
	at java.base/jdk.internal.reflect.ReflectionFactory.newInstance(ReflectionFactory.java:350)
	at java.base/java.lang.Class.newInstance(Class.java:645)
	at org.openqa.selenium.support.PageFactory.instantiatePage(PageFactory.java:131)
	at org.openqa.selenium.support.PageFactory.initElements(PageFactory.java:64)
	at page.HomePageObject.<init>(HomePageObject.java:13)
	at jdk.internal.reflect.GeneratedConstructorAccessor9.newInstance(Unknown Source)
	at java.base/jdk.internal.reflect.DelegatingConstructorAccessorImpl.newInstance(DelegatingConstructorAccessorImpl.java:45)
	at java.base/java.lang.reflect.Constructor.newInstanceWithCaller(Constructor.java:500)
	at java.base/java.lang.reflect.ReflectAccess.newInstance(ReflectAccess.java:128)
	at java.base/jdk.internal.reflect.ReflectionFactory.newInstance(ReflectionFactory.java:350)
	at java.base/java.lang.Class.newInstance(Class.java:645)
	at org.openqa.selenium.support.PageFactory.instantiatePage(PageFactory.java:131)
	at org.openqa.selenium.support.PageFactory.initElements(PageFactory.java:64)
	at page.HomePageObject.<init>(HomePageObject.java:13)
	at jdk.internal.reflect.GeneratedConstructorAccessor9.newInstance(Unknown Source)
	at java.base/jdk.internal.reflect.DelegatingConstructorAccessorImpl.newInstance(DelegatingConstructorAccessorImpl.java:45)
	at java.base/java.lang.reflect.Constructor.newInstanceWithCaller(Constructor.java:500)
	at java.base/java.lang.reflect.ReflectAccess.newInstance(ReflectAccess.java:128)
	at java.base/jdk.internal.reflect.ReflectionFactory.newInstance(ReflectionFactory.java:350)
	at java.base/java.lang.Class.newInstance(Class.java:645)
	at org.openqa.selenium.support.PageFactory.instantiatePage(PageFactory.java:131)
	at org.openqa.selenium.support.PageFactory.initElements(PageFactory.java:64)
	at page.HomePageObject.<init>(HomePageObject.java:13)
	at jdk.internal.reflect.GeneratedConstructorAccessor9.newInstance(Unknown Source)
	at java.base/jdk.internal.reflect.DelegatingConstructorAccessorImpl.newInstance(DelegatingConstructorAccessorImpl.java:45)
	at java.base/java.lang.reflect.Constructor.newInstanceWithCaller(Constructor.java:500)
	at java.base/java.lang.reflect.ReflectAccess.newInstance(ReflectAccess.java:128)
	at java.base/jdk.internal.reflect.ReflectionFactory.newInstance(ReflectionFactory.java:350)
	at java.base/java.lang.Class.newInstance(Class.java:645)
	at org.openqa.selenium.support.PageFactory.instantiatePage(PageFactory.java:131)
	at org.openqa.selenium.support.PageFactory.initElements(PageFactory.java:64)
	at page.HomePageObject.<init>(HomePageObject.java:13)
	at jdk.internal.reflect.GeneratedConstructorAccessor9.newInstance(Unknown Source)
	at java.base/jdk.internal.reflect.DelegatingConstructorAccessorImpl.newInstance(DelegatingConstructorAccessorImpl.java:45)
	at java.base/java.lang.reflect.Constructor.newInstanceWithCaller(Constructor.java:500)
	at java.base/java.lang.reflect.ReflectAccess.newInstance(ReflectAccess.java:128)
	at java.base/jdk.internal.reflect.ReflectionFactory.newInstance(ReflectionFactory.java:350)
	at java.base/java.lang.Class.newInstance(Class.java:645)
	at org.openqa.selenium.support.PageFactory.instantiatePage(PageFactory.java:131)
	at org.openqa.selenium.support.PageFactory.initElements(PageFactory.java:64)
	at page.HomePageObject.<init>(HomePageObject.java:13)
	at jdk.internal.reflect.GeneratedConstructorAccessor9.newInstance(Unknown Source)
	at java.base/jdk.internal.reflect.DelegatingConstructorAccessorImpl.newInstance(DelegatingConstructorAccessorImpl.java:45)
	at java.base/java.lang.reflect.Constructor.newInstanceWithCaller(Constructor.java:500)
	at java.base/java.lang.reflect.ReflectAccess.newInstance(ReflectAccess.java:128)
	at java.base/jdk.internal.reflect.ReflectionFactory.newInstance(ReflectionFactory.java:350)
	at java.base/java.lang.Class.newInstance(Class.java:645)
	at org.openqa.selenium.support.PageFactory.instantiatePage(PageFactory.java:131)
	at org.openqa.selenium.support.PageFactory.initElements(PageFactory.java:64)
	at page.HomePageObject.<init>(HomePageObject.java:13)
	at jdk.internal.reflect.GeneratedConstructorAccessor9.newInstance(Unknown Source)
	at java.base/jdk.internal.reflect.DelegatingConstructorAccessorImpl.newInstance(DelegatingConstructorAccessorImpl.java:45)
	at java.base/java.lang.reflect.Constructor.newInstanceWithCaller(Constructor.java:500)
	at java.base/java.lang.reflect.ReflectAccess.newInstance(ReflectAccess.java:128)
	at java.base/jdk.internal.reflect.ReflectionFactory.newInstance(ReflectionFactory.java:350)
	at java.base/java.lang.Class.newInstance(Class.java:645)
	at org.openqa.selenium.support.PageFactory.instantiatePage(PageFactory.java:131)
	at org.openqa.selenium.support.PageFactory.initElements(PageFactory.java:64)
	at page.HomePageObject.<init>(HomePageObject.java:13)
	at jdk.internal.reflect.GeneratedConstructorAccessor9.newInstance(Unknown Source)
	at java.base/jdk.internal.reflect.DelegatingConstructorAccessorImpl.newInstance(DelegatingConstructorAccessorImpl.java:45)
	at java.base/java.lang.reflect.Constructor.newInstanceWithCaller(Constructor.java:500)
	at java.base/java.lang.reflect.ReflectAccess.newInstance(ReflectAccess.java:128)
	at java.base/jdk.internal.reflect.ReflectionFactory.newInstance(ReflectionFactory.java:350)
	at java.base/java.lang.Class.newInstance(Class.java:645)
	at org.openqa.selenium.support.PageFactory.instantiatePage(PageFactory.java:131)
	at org.openqa.selenium.support.PageFactory.initElements(PageFactory.java:64)
	at page.HomePageObject.<init>(HomePageObject.java:13)
	at jdk.internal.reflect.GeneratedConstructorAccessor9.newInstance(Unknown Source)
	at java.base/jdk.internal.reflect.DelegatingConstructorAccessorImpl.newInstance(DelegatingConstructorAccessorImpl.java:45)
	at java.base/java.lang.reflect.Constructor.newInstanceWithCaller(Constructor.java:500)
	at java.base/java.lang.reflect.ReflectAccess.newInstance(ReflectAccess.java:128)
	at java.base/jdk.internal.reflect.ReflectionFactory.newInstance(ReflectionFactory.java:350)
	at java.base/java.lang.Class.newInstance(Class.java:645)
	at org.openqa.selenium.support.PageFactory.instantiatePage(PageFactory.java:131)
	at org.openqa.selenium.support.PageFactory.initElements(PageFactory.java:64)
	at page.HomePageObject.<init>(HomePageObject.java:13)
	at jdk.internal.reflect.GeneratedConstructorAccessor9.newInstance(Unknown Source)
	at java.base/jdk.internal.reflect.DelegatingConstructorAccessorImpl.newInstance(DelegatingConstructorAccessorImpl.java:45)
	at java.base/java.lang.reflect.Constructor.newInstanceWithCaller(Constructor.java:500)
	at java.base/java.lang.reflect.ReflectAccess.newInstance(ReflectAccess.java:128)
	at java.base/jdk.internal.reflect.ReflectionFactory.newInstance(ReflectionFactory.java:350)
	at java.base/java.lang.Class.newInstance(Class.java:645)
	at org.openqa.selenium.support.PageFactory.instantiatePage(PageFactory.java:131)
	at org.openqa.selenium.support.PageFactory.initElements(PageFactory.java:64)
	at page.HomePageObject.<init>(HomePageObject.java:13)
	at jdk.internal.reflect.GeneratedConstructorAccessor9.newInstance(Unknown Source)
	at java.base/jdk.internal.reflect.DelegatingConstructorAccessorImpl.newInstance(DelegatingConstructorAccessorImpl.java:45)
	at java.base/java.lang.reflect.Constructor.newInstanceWithCaller(Constructor.java:500)
	at java.base/java.lang.reflect.ReflectAccess.newInstance(ReflectAccess.java:128)
	at java.base/jdk.internal.reflect.ReflectionFactory.newInstance(ReflectionFactory.java:350)
	at java.base/java.lang.Class.newInstance(Class.java:645)
	at org.openqa.selenium.support.PageFactory.instantiatePage(PageFactory.java:131)
	at org.openqa.selenium.support.PageFactory.initElements(PageFactory.java:64)
	at page.HomePageObject.<init>(HomePageObject.java:13)
	at jdk.internal.reflect.GeneratedConstructorAccessor9.newInstance(Unknown Source)
	at java.base/jdk.internal.reflect.DelegatingConstructorAccessorImpl.newInstance(DelegatingConstructorAccessorImpl.java:45)
	at java.base/java.lang.reflect.Constructor.newInstanceWithCaller(Constructor.java:500)
	at java.base/java.lang.reflect.ReflectAccess.newInstance(ReflectAccess.java:128)
	at java.base/jdk.internal.reflect.ReflectionFactory.newInstance(ReflectionFactory.java:350)
	at java.base/java.lang.Class.newInstance(Class.java:645)
	at org.openqa.selenium.support.PageFactory.instantiatePage(PageFactory.java:131)
	at org.openqa.selenium.support.PageFactory.initElements(PageFactory.java:64)
	at page.HomePageObject.<init>(HomePageObject.java:13)
	at jdk.internal.reflect.GeneratedConstructorAccessor9.newInstance(Unknown Source)
	at java.base/jdk.internal.reflect.DelegatingConstructorAccessorImpl.newInstance(DelegatingConstructorAccessorImpl.java:45)
	at java.base/java.lang.reflect.Constructor.newInstanceWithCaller(Constructor.java:500)
	at java.base/java.lang.reflect.ReflectAccess.newInstance(ReflectAccess.java:128)
	at java.base/jdk.internal.reflect.ReflectionFactory.newInstance(ReflectionFactory.java:350)
	at java.base/java.lang.Class.newInstance(Class.java:645)
	at org.openqa.selenium.support.PageFactory.instantiatePage(PageFactory.java:131)
	at org.openqa.selenium.support.PageFactory.initElements(PageFactory.java:64)
	at page.HomePageObject.<init>(HomePageObject.java:13)
	at jdk.internal.reflect.GeneratedConstructorAccessor9.newInstance(Unknown Source)
	at java.base/jdk.internal.reflect.DelegatingConstructorAccessorImpl.newInstance(DelegatingConstructorAccessorImpl.java:45)
	at java.base/java.lang.reflect.Constructor.newInstanceWithCaller(Constructor.java:500)
	at java.base/java.lang.reflect.ReflectAccess.newInstance(ReflectAccess.java:128)
	at java.base/jdk.internal.reflect.ReflectionFactory.newInstance(ReflectionFactory.java:350)
	at java.base/java.lang.Class.newInstance(Class.java:645)
	at org.openqa.selenium.support.PageFactory.instantiatePage(PageFactory.java:131)
	at org.openqa.selenium.support.PageFactory.initElements(PageFactory.java:64)
	at page.HomePageObject.<init>(HomePageObject.java:13)
	at jdk.internal.reflect.GeneratedConstructorAccessor9.newInstance(Unknown Source)
	at java.base/jdk.internal.reflect.DelegatingConstructorAccessorImpl.newInstance(DelegatingConstructorAccessorImpl.java:45)
	at java.base/java.lang.reflect.Constructor.newInstanceWithCaller(Constructor.java:500)
	at java.base/java.lang.reflect.ReflectAccess.newInstance(ReflectAccess.java:128)
	at java.base/jdk.internal.reflect.ReflectionFactory.newInstance(ReflectionFactory.java:350)
	at java.base/java.lang.Class.newInstance(Class.java:645)
	at org.openqa.selenium.support.PageFactory.instantiatePage(PageFactory.java:131)
	at org.openqa.selenium.support.PageFactory.initElements(PageFactory.java:64)
	at page.HomePageObject.<init>(HomePageObject.java:13)
	at jdk.internal.reflect.GeneratedConstructorAccessor9.newInstance(Unknown Source)
	at java.base/jdk.internal.reflect.DelegatingConstructorAccessorImpl.newInstance(DelegatingConstructorAccessorImpl.java:45)
	at java.base/java.lang.reflect.Constructor.newInstanceWithCaller(Constructor.java:500)
	at java.base/java.lang.reflect.ReflectAccess.newInstance(ReflectAccess.java:128)
	at java.base/jdk.internal.reflect.ReflectionFactory.newInstance(ReflectionFactory.java:350)
	at java.base/java.lang.Class.newInstance(Class.java:645)
	at org.openqa.selenium.support.PageFactory.instantiatePage(PageFactory.java:131)
	at org.openqa.selenium.support.PageFactory.initElements(PageFactory.java:64)
	at page.HomePageObject.<init>(HomePageObject.java:13)
	at jdk.internal.reflect.GeneratedConstructorAccessor9.newInstance(Unknown Source)
	at java.base/jdk.internal.reflect.DelegatingConstructorAccessorImpl.newInstance(DelegatingConstructorAccessorImpl.java:45)
	at java.base/java.lang.reflect.Constructor.newInstanceWithCaller(Constructor.java:500)
	at java.base/java.lang.reflect.ReflectAccess.newInstance(ReflectAccess.java:128)
	at java.base/jdk.internal.reflect.ReflectionFactory.newInstance(ReflectionFactory.java:350)
	at java.base/java.lang.Class.newInstance(Class.java:645)
	at org.openqa.selenium.support.PageFactory.instantiatePage(PageFactory.java:131)
	at org.openqa.selenium.support.PageFactory.initElements(PageFactory.java:64)
	at page.HomePageObject.<init>(HomePageObject.java:13)
	at jdk.internal.reflect.GeneratedConstructorAccessor9.newInstance(Unknown Source)
	at java.base/jdk.internal.reflect.DelegatingConstructorAccessorImpl.newInstance(DelegatingConstructorAccessorImpl.java:45)
	at java.base/java.lang.reflect.Constructor.newInstanceWithCaller(Constructor.java:500)
	at java.base/java.lang.reflect.ReflectAccess.newInstance(ReflectAccess.java:128)
	at java.base/jdk.internal.reflect.ReflectionFactory.newInstance(ReflectionFactory.java:350)
	at java.base/java.lang.Class.newInstance(Class.java:645)
	at org.openqa.selenium.support.PageFactory.instantiatePage(PageFactory.java:131)
	at org.openqa.selenium.support.PageFactory.initElements(PageFactory.java:64)
	at page.HomePageObject.<init>(HomePageObject.java:13)
	at jdk.internal.reflect.GeneratedConstructorAccessor9.newInstance(Unknown Source)
	at java.base/jdk.internal.reflect.DelegatingConstructorAccessorImpl.newInstance(DelegatingConstructorAccessorImpl.java:45)
	at java.base/java.lang.reflect.Constructor.newInstanceWithCaller(Constructor.java:500)
	at java.base/java.lang.reflect.ReflectAccess.newInstance(ReflectAccess.java:128)
	at java.base/jdk.internal.reflect.ReflectionFactory.newInstance(ReflectionFactory.java:350)
	at java.base/java.lang.Class.newInstance(Class.java:645)
	at org.openqa.selenium.support.PageFactory.instantiatePage(PageFactory.java:131)
	at org.openqa.selenium.support.PageFactory.initElements(PageFactory.java:64)
	at page.HomePageObject.<init>(HomePageObject.java:13)
	at jdk.internal.reflect.GeneratedConstructorAccessor9.newInstance(Unknown Source)
	at java.base/jdk.internal.reflect.DelegatingConstructorAccessorImpl.newInstance(DelegatingConstructorAccessorImpl.java:45)
	at java.base/java.lang.reflect.Constructor.newInstanceWithCaller(Constructor.java:500)
	at java.base/java.lang.reflect.ReflectAccess.newInstance(ReflectAccess.java:128)
	at java.base/jdk.internal.reflect.ReflectionFactory.newInstance(ReflectionFactory.java:350)
	at java.base/java.lang.Class.newInstance(Class.java:645)
	at org.openqa.selenium.support.PageFactory.instantiatePage(PageFactory.java:131)
	at org.openqa.selenium.support.PageFactory.initElements(PageFactory.java:64)
	at page.HomePageObject.<init>(HomePageObject.java:13)
	at jdk.internal.reflect.GeneratedConstructorAccessor9.newInstance(Unknown Source)
	at java.base/jdk.internal.reflect.DelegatingConstructorAccessorImpl.newInstance(DelegatingConstructorAccessorImpl.java:45)
	at java.base/java.lang.reflect.Constructor.newInstanceWithCaller(Constructor.java:500)
	at java.base/java.lang.reflect.ReflectAccess.newInstance(ReflectAccess.java:128)
	at java.base/jdk.internal.reflect.ReflectionFactory.newInstance(ReflectionFactory.java:350)
	at java.base/java.lang.Class.newInstance(Class.java:645)
	at org.openqa.selenium.support.PageFactory.instantiatePage(PageFactory.java:131)
	at org.openqa.selenium.support.PageFactory.initElements(PageFactory.java:64)
	at page.HomePageObject.<init>(HomePageObject.java:13)
	at jdk.internal.reflect.GeneratedConstructorAccessor9.newInstance(Unknown Source)
	at java.base/jdk.internal.reflect.DelegatingConstructorAccessorImpl.newInstance(DelegatingConstructorAccessorImpl.java:45)
	at java.base/java.lang.reflect.Constructor.newInstanceWithCaller(Constructor.java:500)
	at java.base/java.lang.reflect.ReflectAccess.newInstance(ReflectAccess.java:128)
	at java.base/jdk.internal.reflect.ReflectionFactory.newInstance(ReflectionFactory.java:350)
	at java.base/java.lang.Class.newInstance(Class.java:645)
	at org.openqa.selenium.support.PageFactory.instantiatePage(PageFactory.java:131)
	at org.openqa.selenium.support.PageFactory.initElements(PageFactory.java:64)
	at page.HomePageObject.<init>(HomePageObject.java:13)
	at jdk.internal.reflect.GeneratedConstructorAccessor9.newInstance(Unknown Source)
	at java.base/jdk.internal.reflect.DelegatingConstructorAccessorImpl.newInstance(DelegatingConstructorAccessorImpl.java:45)
	at java.base/java.lang.reflect.Constructor.newInstanceWithCaller(Constructor.java:500)
	at java.base/java.lang.reflect.ReflectAccess.newInstance(ReflectAccess.java:128)
	at java.base/jdk.internal.reflect.ReflectionFactory.newInstance(ReflectionFactory.java:350)
	at java.base/java.lang.Class.newInstance(Class.java:645)
	at org.openqa.selenium.support.PageFactory.instantiatePage(PageFactory.java:131)
	at org.openqa.selenium.support.PageFactory.initElements(PageFactory.java:64)
	at page.HomePageObject.<init>(HomePageObject.java:13)
	at jdk.internal.reflect.GeneratedConstructorAccessor9.newInstance(Unknown Source)
	at java.base/jdk.internal.reflect.DelegatingConstructorAccessorImpl.newInstance(DelegatingConstructorAccessorImpl.java:45)
	at java.base/java.lang.reflect.Constructor.newInstanceWithCaller(Constructor.java:500)
	at java.base/java.lang.reflect.ReflectAccess.newInstance(ReflectAccess.java:128)
	at java.base/jdk.internal.reflect.ReflectionFactory.newInstance(ReflectionFactory.java:350)
	at java.base/java.lang.Class.newInstance(Class.java:645)
	at org.openqa.selenium.support.PageFactory.instantiatePage(PageFactory.java:131)
	at org.openqa.selenium.support.PageFactory.initElements(PageFactory.java:64)
	at page.HomePageObject.<init>(HomePageObject.java:13)
	at jdk.internal.reflect.GeneratedConstructorAccessor9.newInstance(Unknown Source)
	at java.base/jdk.internal.reflect.DelegatingConstructorAccessorImpl.newInstance(DelegatingConstructorAccessorImpl.java:45)
	at java.base/java.lang.reflect.Constructor.newInstanceWithCaller(Constructor.java:500)
	at java.base/java.lang.reflect.ReflectAccess.newInstance(ReflectAccess.java:128)
	at java.base/jdk.internal.reflect.ReflectionFactory.newInstance(ReflectionFactory.java:350)
	at java.base/java.lang.Class.newInstance(Class.java:645)
	at org.openqa.selenium.support.PageFactory.instantiatePage(PageFactory.java:131)
	at org.openqa.selenium.support.PageFactory.initElements(PageFactory.java:64)
	at page.HomePageObject.<init>(HomePageObject.java:13)
	at jdk.internal.reflect.GeneratedConstructorAccessor9.newInstance(Unknown Source)
	at java.base/jdk.internal.reflect.DelegatingConstructorAccessorImpl.newInstance(DelegatingConstructorAccessorImpl.java:45)
	at java.base/java.lang.reflect.Constructor.newInstanceWithCaller(Constructor.java:500)
	at java.base/java.lang.reflect.ReflectAccess.newInstance(ReflectAccess.java:128)
	at java.base/jdk.internal.reflect.ReflectionFactory.newInstance(ReflectionFactory.java:350)
	at java.base/java.lang.Class.newInstance(Class.java:645)
	at org.openqa.selenium.support.PageFactory.instantiatePage(PageFactory.java:131)
	at org.openqa.selenium.support.PageFactory.initElements(PageFactory.java:64)
	at page.HomePageObject.<init>(HomePageObject.java:13)
	at jdk.internal.reflect.GeneratedConstructorAccessor9.newInstance(Unknown Source)
	at java.base/jdk.internal.reflect.DelegatingConstructorAccessorImpl.newInstance(DelegatingConstructorAccessorImpl.java:45)
	at java.base/java.lang.reflect.Constructor.newInstanceWithCaller(Constructor.java:500)
	at java.base/java.lang.reflect.ReflectAccess.newInstance(ReflectAccess.java:128)
	at java.base/jdk.internal.reflect.ReflectionFactory.newInstance(ReflectionFactory.java:350)
	at java.base/java.lang.Class.newInstance(Class.java:645)
	at org.openqa.selenium.support.PageFactory.instantiatePage(PageFactory.java:131)
	at org.openqa.selenium.support.PageFactory.initElements(PageFactory.java:64)
	at page.HomePageObject.<init>(HomePageObject.java:13)
	at jdk.internal.reflect.GeneratedConstructorAccessor9.newInstance(Unknown Source)
	at java.base/jdk.internal.reflect.DelegatingConstructorAccessorImpl.newInstance(DelegatingConstructorAccessorImpl.java:45)
	at java.base/java.lang.reflect.Constructor.newInstanceWithCaller(Constructor.java:500)
	at java.base/java.lang.reflect.ReflectAccess.newInstance(ReflectAccess.java:128)
	at java.base/jdk.internal.reflect.ReflectionFactory.newInstance(ReflectionFactory.java:350)
	at java.base/java.lang.Class.newInstance(Class.java:645)
	at org.openqa.selenium.support.PageFactory.instantiatePage(PageFactory.java:131)
	at org.openqa.selenium.support.PageFactory.initElements(PageFactory.java:64)
	at page.HomePageObject.<init>(HomePageObject.java:13)
	at jdk.internal.reflect.GeneratedConstructorAccessor9.newInstance(Unknown Source)
	at java.base/jdk.internal.reflect.DelegatingConstructorAccessorImpl.newInstance(DelegatingConstructorAccessorImpl.java:45)
	at java.base/java.lang.reflect.Constructor.newInstanceWithCaller(Constructor.java:500)
	at java.base/java.lang.reflect.ReflectAccess.newInstance(ReflectAccess.java:128)
	at java.base/jdk.internal.reflect.ReflectionFactory.newInstance(ReflectionFactory.java:350)
	at java.base/java.lang.Class.newInstance(Class.java:645)
	at org.openqa.selenium.support.PageFactory.instantiatePage(PageFactory.java:131)
	at org.openqa.selenium.support.PageFactory.initElements(PageFactory.java:64)
	at page.HomePageObject.<init>(HomePageObject.java:13)
	at jdk.internal.reflect.GeneratedConstructorAccessor9.newInstance(Unknown Source)
	at java.base/jdk.internal.reflect.DelegatingConstructorAccessorImpl.newInstance(DelegatingConstructorAccessorImpl.java:45)
	at java.base/java.lang.reflect.Constructor.newInstanceWithCaller(Constructor.java:500)
	at java.base/java.lang.reflect.ReflectAccess.newInstance(ReflectAccess.java:128)
	at java.base/jdk.internal.reflect.ReflectionFactory.newInstance(ReflectionFactory.java:350)
	at java.base/java.lang.Class.newInstance(Class.java:645)
	at org.openqa.selenium.support.PageFactory.instantiatePage(PageFactory.java:131)
	at org.openqa.selenium.support.PageFactory.initElements(PageFactory.java:64)
	at page.HomePageObject.<init>(HomePageObject.java:13)
	at jdk.internal.reflect.GeneratedConstructorAccessor9.newInstance(Unknown Source)
	at java.base/jdk.internal.reflect.DelegatingConstructorAccessorImpl.newInstance(DelegatingConstructorAccessorImpl.java:45)
	at java.base/java.lang.reflect.Constructor.newInstanceWithCaller(Constructor.java:500)
	at java.base/java.lang.reflect.ReflectAccess.newInstance(ReflectAccess.java:128)
	at java.base/jdk.internal.reflect.ReflectionFactory.newInstance(ReflectionFactory.java:350)
	at java.base/java.lang.Class.newInstance(Class.java:645)
	at org.openqa.selenium.support.PageFactory.instantiatePage(PageFactory.java:131)
	at org.openqa.selenium.support.PageFactory.initElements(PageFactory.java:64)
	at page.HomePageObject.<init>(HomePageObject.java:13)
	at jdk.internal.reflect.GeneratedConstructorAccessor9.newInstance(Unknown Source)
	at java.base/jdk.internal.reflect.DelegatingConstructorAccessorImpl.newInstance(DelegatingConstructorAccessorImpl.java:45)
	at java.base/java.lang.reflect.Constructor.newInstanceWithCaller(Constructor.java:500)
	at java.base/java.lang.reflect.ReflectAccess.newInstance(ReflectAccess.java:128)
	at java.base/jdk.internal.reflect.ReflectionFactory.newInstance(ReflectionFactory.java:350)
	at java.base/java.lang.Class.newInstance(Class.java:645)
	at org.openqa.selenium.support.PageFactory.instantiatePage(PageFactory.java:131)
	at org.openqa.selenium.support.PageFactory.initElements(PageFactory.java:64)
	at page.HomePageObject.<init>(HomePageObject.java:13)
	at jdk.internal.reflect.GeneratedConstructorAccessor9.newInstance(Unknown Source)
	at java.base/jdk.internal.reflect.DelegatingConstructorAccessorImpl.newInstance(DelegatingConstructorAccessorImpl.java:45)
	at java.base/java.lang.reflect.Constructor.newInstanceWithCaller(Constructor.java:500)
	at java.base/java.lang.reflect.ReflectAccess.newInstance(ReflectAccess.java:128)
	at java.base/jdk.internal.reflect.ReflectionFactory.newInstance(ReflectionFactory.java:350)
	at java.base/java.lang.Class.newInstance(Class.java:645)
	at org.openqa.selenium.support.PageFactory.instantiatePage(PageFactory.java:131)
	at org.openqa.selenium.support.PageFactory.initElements(PageFactory.java:64)
	at page.HomePageObject.<init>(HomePageObject.java:13)
	at jdk.internal.reflect.GeneratedConstructorAccessor9.newInstance(Unknown Source)
	at java.base/jdk.internal.reflect.DelegatingConstructorAccessorImpl.newInstance(DelegatingConstructorAccessorImpl.java:45)
	at java.base/java.lang.reflect.Constructor.newInstanceWithCaller(Constructor.java:500)
	at java.base/java.lang.reflect.ReflectAccess.newInstance(ReflectAccess.java:128)
	at java.base/jdk.internal.reflect.ReflectionFactory.newInstance(ReflectionFactory.java:350)
	at java.base/java.lang.Class.newInstance(Class.java:645)
	at org.openqa.selenium.support.PageFactory.instantiatePage(PageFactory.java:131)
	at org.openqa.selenium.support.PageFactory.initElements(PageFactory.java:64)
	at page.HomePageObject.<init>(HomePageObject.java:13)
	at jdk.internal.reflect.GeneratedConstructorAccessor9.newInstance(Unknown Source)
	at java.base/jdk.internal.reflect.DelegatingConstructorAccessorImpl.newInstance(DelegatingConstructorAccessorImpl.java:45)
	at java.base/java.lang.reflect.Constructor.newInstanceWithCaller(Constructor.java:500)
	at java.base/java.lang.reflect.ReflectAccess.newInstance(ReflectAccess.java:128)
	at java.base/jdk.internal.reflect.ReflectionFactory.newInstance(ReflectionFactory.java:350)
	at java.base/java.lang.Class.newInstance(Class.java:645)
	at org.openqa.selenium.support.PageFactory.instantiatePage(PageFactory.java:131)
	at org.openqa.selenium.support.PageFactory.initElements(PageFactory.java:64)
	at page.HomePageObject.<init>(HomePageObject.java:13)
	at jdk.internal.reflect.GeneratedConstructorAccessor9.newInstance(Unknown Source)
	at java.base/jdk.internal.reflect.DelegatingConstructorAccessorImpl.newInstance(DelegatingConstructorAccessorImpl.java:45)
	at java.base/java.lang.reflect.Constructor.newInstanceWithCaller(Constructor.java:500)
	at java.base/java.lang.reflect.ReflectAccess.newInstance(ReflectAccess.java:128)
	at java.base/jdk.internal.reflect.ReflectionFactory.newInstance(ReflectionFactory.java:350)
	at java.base/java.lang.Class.newInstance(Class.java:645)
	at org.openqa.selenium.support.PageFactory.instantiatePage(PageFactory.java:131)
	at org.openqa.selenium.support.PageFactory.initElements(PageFactory.java:64)
	at page.HomePageObject.<init>(HomePageObject.java:13)
	at jdk.internal.reflect.GeneratedConstructorAccessor9.newInstance(Unknown Source)
	at java.base/jdk.internal.reflect.DelegatingConstructorAccessorImpl.newInstance(DelegatingConstructorAccessorImpl.java:45)
	at java.base/java.lang.reflect.Constructor.newInstanceWithCaller(Constructor.java:500)
	at java.base/java.lang.reflect.ReflectAccess.newInstance(ReflectAccess.java:128)
	at java.base/jdk.internal.reflect.ReflectionFactory.newInstance(ReflectionFactory.java:350)
	at java.base/java.lang.Class.newInstance(Class.java:645)
	at org.openqa.selenium.support.PageFactory.instantiatePage(PageFactory.java:131)
	at org.openqa.selenium.support.PageFactory.initElements(PageFactory.java:64)
	at page.HomePageObject.<init>(HomePageObject.java:13)
	at jdk.internal.reflect.GeneratedConstructorAccessor9.newInstance(Unknown Source)
	at java.base/jdk.internal.reflect.DelegatingConstructorAccessorImpl.newInstance(DelegatingConstructorAccessorImpl.java:45)
	at java.base/java.lang.reflect.Constructor.newInstanceWithCaller(Constructor.java:500)
	at java.base/java.lang.reflect.ReflectAccess.newInstance(ReflectAccess.java:128)
	at java.base/jdk.internal.reflect.ReflectionFactory.newInstance(ReflectionFactory.java:350)
	at java.base/java.lang.Class.newInstance(Class.java:645)
	at org.openqa.selenium.support.PageFactory.instantiatePage(PageFactory.java:131)
	at org.openqa.selenium.support.PageFactory.initElements(PageFactory.java:64)
	at page.HomePageObject.<init>(HomePageObject.java:13)
	at jdk.internal.reflect.GeneratedConstructorAccessor9.newInstance(Unknown Source)
	at java.base/jdk.internal.reflect.DelegatingConstructorAccessorImpl.newInstance(DelegatingConstructorAccessorImpl.java:45)
	at java.base/java.lang.reflect.Constructor.newInstanceWithCaller(Constructor.java:500)
	at java.base/java.lang.reflect.ReflectAccess.newInstance(ReflectAccess.java:128)
	at java.base/jdk.internal.reflect.ReflectionFactory.newInstance(ReflectionFactory.java:350)
	at java.base/java.lang.Class.newInstance(Class.java:645)
	at org.openqa.selenium.support.PageFactory.instantiatePage(PageFactory.java:131)
	at org.openqa.selenium.support.PageFactory.initElements(PageFactory.java:64)
	at page.HomePageObject.<init>(HomePageObject.java:13)
	at jdk.internal.reflect.GeneratedConstructorAccessor9.newInstance(Unknown Source)
	at java.base/jdk.internal.reflect.DelegatingConstructorAccessorImpl.newInstance(DelegatingConstructorAccessorImpl.java:45)
	at java.base/java.lang.reflect.Constructor.newInstanceWithCaller(Constructor.java:500)
	at java.base/java.lang.reflect.ReflectAccess.newInstance(ReflectAccess.java:128)
	at java.base/jdk.internal.reflect.ReflectionFactory.newInstance(ReflectionFactory.java:350)
	at java.base/java.lang.Class.newInstance(Class.java:645)
	at org.openqa.selenium.support.PageFactory.instantiatePage(PageFactory.java:131)
	at org.openqa.selenium.support.PageFactory.initElements(PageFactory.java:64)
	at page.HomePageObject.<init>(HomePageObject.java:13)
	at jdk.internal.reflect.GeneratedConstructorAccessor9.newInstance(Unknown Source)
	at java.base/jdk.internal.reflect.DelegatingConstructorAccessorImpl.newInstance(DelegatingConstructorAccessorImpl.java:45)
	at java.base/java.lang.reflect.Constructor.newInstanceWithCaller(Constructor.java:500)
	at java.base/java.lang.reflect.ReflectAccess.newInstance(ReflectAccess.java:128)
	at java.base/jdk.internal.reflect.ReflectionFactory.newInstance(ReflectionFactory.java:350)
	at java.base/java.lang.Class.newInstance(Class.java:645)
	at org.openqa.selenium.support.PageFactory.instantiatePage(PageFactory.java:131)
	at org.openqa.selenium.support.PageFactory.initElements(PageFactory.java:64)
	at page.HomePageObject.<init>(HomePageObject.java:13)
	at jdk.internal.reflect.GeneratedConstructorAccessor9.newInstance(Unknown Source)
	at java.base/jdk.internal.reflect.DelegatingConstructorAccessorImpl.newInstance(DelegatingConstructorAccessorImpl.java:45)
	at java.base/java.lang.reflect.Constructor.newInstanceWithCaller(Constructor.java:500)
	at java.base/java.lang.reflect.ReflectAccess.newInstance(ReflectAccess.java:128)
	at java.base/jdk.internal.reflect.ReflectionFactory.newInstance(ReflectionFactory.java:350)
	at java.base/java.lang.Class.newInstance(Class.java:645)
	at org.openqa.selenium.support.PageFactory.instantiatePage(PageFactory.java:131)
	at org.openqa.selenium.support.PageFactory.initElements(PageFactory.java:64)
	at page.HomePageObject.<init>(HomePageObject.java:13)
	at jdk.internal.reflect.GeneratedConstructorAccessor9.newInstance(Unknown Source)
	at java.base/jdk.internal.reflect.DelegatingConstructorAccessorImpl.newInstance(DelegatingConstructorAccessorImpl.java:45)
	at java.base/java.lang.reflect.Constructor.newInstanceWithCaller(Constructor.java:500)
	at java.base/java.lang.reflect.ReflectAccess.newInstance(ReflectAccess.java:128)
	at java.base/jdk.internal.reflect.ReflectionFactory.newInstance(ReflectionFactory.java:350)
	at java.base/java.lang.Class.newInstance(Class.java:645)
	at org.openqa.selenium.support.PageFactory.instantiatePage(PageFactory.java:131)
	at org.openqa.selenium.support.PageFactory.initElements(PageFactory.java:64)
	at page.HomePageObject.<init>(HomePageObject.java:13)
	at jdk.internal.reflect.GeneratedConstructorAccessor9.newInstance(Unknown Source)
	at java.base/jdk.internal.reflect.DelegatingConstructorAccessorImpl.newInstance(DelegatingConstructorAccessorImpl.java:45)
	at java.base/java.lang.reflect.Constructor.newInstanceWithCaller(Constructor.java:500)
	at java.base/java.lang.reflect.ReflectAccess.newInstance(ReflectAccess.java:128)
	at java.base/jdk.internal.reflect.ReflectionFactory.newInstance(ReflectionFactory.java:350)
	at java.base/java.lang.Class.newInstance(Class.java:645)
	at org.openqa.selenium.support.PageFactory.instantiatePage(PageFactory.java:131)
	at org.openqa.selenium.support.PageFactory.initElements(PageFactory.java:64)
	at page.HomePageObject.<init>(HomePageObject.java:13)
	at jdk.internal.reflect.GeneratedConstructorAccessor9.newInstance(Unknown Source)
	at java.base/jdk.internal.reflect.DelegatingConstructorAccessorImpl.newInstance(DelegatingConstructorAccessorImpl.java:45)
	at java.base/java.lang.reflect.Constructor.newInstanceWithCaller(Constructor.java:500)
	at java.base/java.lang.reflect.ReflectAccess.newInstance(ReflectAccess.java:128)
	at java.base/jdk.internal.reflect.ReflectionFactory.newInstance(ReflectionFactory.java:350)
	at java.base/java.lang.Class.newInstance(Class.java:645)
	at org.openqa.selenium.support.PageFactory.instantiatePage(PageFactory.java:131)
	at org.openqa.selenium.support.PageFactory.initElements(PageFactory.java:64)
	at page.HomePageObject.<init>(HomePageObject.java:13)
	at jdk.internal.reflect.GeneratedConstructorAccessor9.newInstance(Unknown Source)
	at java.base/jdk.internal.reflect.DelegatingConstructorAccessorImpl.newInstance(DelegatingConstructorAccessorImpl.java:45)
	at java.base/java.lang.reflect.Constructor.newInstanceWithCaller(Constructor.java:500)
	at java.base/java.lang.reflect.ReflectAccess.newInstance(ReflectAccess.java:128)
	at java.base/jdk.internal.reflect.ReflectionFactory.newInstance(ReflectionFactory.java:350)
	at java.base/java.lang.Class.newInstance(Class.java:645)
	at org.openqa.selenium.support.PageFactory.instantiatePage(PageFactory.java:131)
	at org.openqa.selenium.support.PageFactory.initElements(PageFactory.java:64)
	at page.HomePageObject.<init>(HomePageObject.java:13)
	at jdk.internal.reflect.GeneratedConstructorAccessor9.newInstance(Unknown Source)
	at java.base/jdk.internal.reflect.DelegatingConstructorAccessorImpl.newInstance(DelegatingConstructorAccessorImpl.java:45)
	at java.base/java.lang.reflect.Constructor.newInstanceWithCaller(Constructor.java:500)
	at java.base/java.lang.reflect.ReflectAccess.newInstance(ReflectAccess.java:128)
	at java.base/jdk.internal.reflect.ReflectionFactory.newInstance(ReflectionFactory.java:350)
	at java.base/java.lang.Class.newInstance(Class.java:645)
	at org.openqa.selenium.support.PageFactory.instantiatePage(PageFactory.java:131)
	at org.openqa.selenium.support.PageFactory.initElements(PageFactory.java:64)
	at page.HomePageObject.<init>(HomePageObject.java:13)
	at jdk.internal.reflect.GeneratedConstructorAccessor9.newInstance(Unknown Source)
	at java.base/jdk.internal.reflect.DelegatingConstructorAccessorImpl.newInstance(DelegatingConstructorAccessorImpl.java:45)
	at java.base/java.lang.reflect.Constructor.newInstanceWithCaller(Constructor.java:500)
	at java.base/java.lang.reflect.ReflectAccess.newInstance(ReflectAccess.java:128)
	at java.base/jdk.internal.reflect.ReflectionFactory.newInstance(ReflectionFactory.java:350)
	at java.base/java.lang.Class.newInstance(Class.java:645)
	at org.openqa.selenium.support.PageFactory.instantiatePage(PageFactory.java:131)
	at org.openqa.selenium.support.PageFactory.initElements(PageFactory.java:64)
	at page.HomePageObject.<init>(HomePageObject.java:13)
	at jdk.internal.reflect.GeneratedConstructorAccessor9.newInstance(Unknown Source)
	at java.base/jdk.internal.reflect.DelegatingConstructorAccessorImpl.newInstance(DelegatingConstructorAccessorImpl.java:45)
	at java.base/java.lang.reflect.Constructor.newInstanceWithCaller(Constructor.java:500)
	at java.base/java.lang.reflect.ReflectAccess.newInstance(ReflectAccess.java:128)
	at java.base/jdk.internal.reflect.ReflectionFactory.newInstance(ReflectionFactory.java:350)
	at java.base/java.lang.Class.newInstance(Class.java:645)
	at org.openqa.selenium.support.PageFactory.instantiatePage(PageFactory.java:131)
	at org.openqa.selenium.support.PageFactory.initElements(PageFactory.java:64)
	at page.HomePageObject.<init>(HomePageObject.java:13)
	at jdk.internal.reflect.GeneratedConstructorAccessor9.newInstance(Unknown Source)
	at java.base/jdk.internal.reflect.DelegatingConstructorAccessorImpl.newInstance(DelegatingConstructorAccessorImpl.java:45)
	at java.base/java.lang.reflect.Constructor.newInstanceWithCaller(Constructor.java:500)
	at java.base/java.lang.reflect.ReflectAccess.newInstance(ReflectAccess.java:128)
	at java.base/jdk.internal.reflect.ReflectionFactory.newInstance(ReflectionFactory.java:350)
	at java.base/java.lang.Class.newInstance(Class.java:645)
	at org.openqa.selenium.support.PageFactory.instantiatePage(PageFactory.java:131)
	at org.openqa.selenium.support.PageFactory.initElements(PageFactory.java:64)
	at page.HomePageObject.<init>(HomePageObject.java:13)
	at jdk.internal.reflect.GeneratedConstructorAccessor9.newInstance(Unknown Source)
	at java.base/jdk.internal.reflect.DelegatingConstructorAccessorImpl.newInstance(DelegatingConstructorAccessorImpl.java:45)
	at java.base/java.lang.reflect.Constructor.newInstanceWithCaller(Constructor.java:500)
	at java.base/java.lang.reflect.ReflectAccess.newInstance(ReflectAccess.java:128)
	at java.base/jdk.internal.reflect.ReflectionFactory.newInstance(ReflectionFactory.java:350)
	at java.base/java.lang.Class.newInstance(Class.java:645)
	at org.openqa.selenium.support.PageFactory.instantiatePage(PageFactory.java:131)
	at org.openqa.selenium.support.PageFactory.initElements(PageFactory.java:64)
	at page.HomePageObject.<init>(HomePageObject.java:13)
	at jdk.internal.reflect.GeneratedConstructorAccessor9.newInstance(Unknown Source)
	at java.base/jdk.internal.reflect.DelegatingConstructorAccessorImpl.newInstance(DelegatingConstructorAccessorImpl.java:45)
	at java.base/java.lang.reflect.Constructor.newInstanceWithCaller(Constructor.java:500)
	at java.base/java.lang.reflect.ReflectAccess.newInstance(ReflectAccess.java:128)
	at java.base/jdk.internal.reflect.ReflectionFactory.newInstance(ReflectionFactory.java:350)
	at java.base/java.lang.Class.newInstance(Class.java:645)
	at org.openqa.selenium.support.PageFactory.instantiatePage(PageFactory.java:131)
	at org.openqa.selenium.support.PageFactory.initElements(PageFactory.java:64)
	at page.HomePageObject.<init>(HomePageObject.java:13)
	at jdk.internal.reflect.GeneratedConstructorAccessor9.newInstance(Unknown Source)
	at java.base/jdk.internal.reflect.DelegatingConstructorAccessorImpl.newInstance(DelegatingConstructorAccessorImpl.java:45)
	at java.base/java.lang.reflect.Constructor.newInstanceWithCaller(Constructor.java:500)
	at java.base/java.lang.reflect.ReflectAccess.newInstance(ReflectAccess.java:128)
	at java.base/jdk.internal.reflect.ReflectionFactory.newInstance(ReflectionFactory.java:350)
	at java.base/java.lang.Class.newInstance(Class.java:645)
	at org.openqa.selenium.support.PageFactory.instantiatePage(PageFactory.java:131)
	at org.openqa.selenium.support.PageFactory.initElements(PageFactory.java:64)
	at page.HomePageObject.<init>(HomePageObject.java:13)
	at jdk.internal.reflect.GeneratedConstructorAccessor9.newInstance(Unknown Source)
	at java.base/jdk.internal.reflect.DelegatingConstructorAccessorImpl.newInstance(DelegatingConstructorAccessorImpl.java:45)
	at java.base/java.lang.reflect.Constructor.newInstanceWithCaller(Constructor.java:500)
	at java.base/java.lang.reflect.ReflectAccess.newInstance(ReflectAccess.java:128)
	at java.base/jdk.internal.reflect.ReflectionFactory.newInstance(ReflectionFactory.java:350)
	at java.base/java.lang.Class.newInstance(Class.java:645)
	at org.openqa.selenium.support.PageFactory.instantiatePage(PageFactory.java:131)
	at org.openqa.selenium.support.PageFactory.initElements(PageFactory.java:64)
	at page.HomePageObject.<init>(HomePageObject.java:13)
	at jdk.internal.reflect.GeneratedConstructorAccessor9.newInstance(Unknown Source)
	at java.base/jdk.internal.reflect.DelegatingConstructorAccessorImpl.newInstance(DelegatingConstructorAccessorImpl.java:45)
	at java.base/java.lang.reflect.Constructor.newInstanceWithCaller(Constructor.java:500)
	at java.base/java.lang.reflect.ReflectAccess.newInstance(ReflectAccess.java:128)
	at java.base/jdk.internal.reflect.ReflectionFactory.newInstance(ReflectionFactory.java:350)
	at java.base/java.lang.Class.newInstance(Class.java:645)
	at org.openqa.selenium.support.PageFactory.instantiatePage(PageFactory.java:131)
	at org.openqa.selenium.support.PageFactory.initElements(PageFactory.java:64)
	at page.HomePageObject.<init>(HomePageObject.java:13)
	at jdk.internal.reflect.GeneratedConstructorAccessor9.newInstance(Unknown Source)
	at java.base/jdk.internal.reflect.DelegatingConstructorAccessorImpl.newInstance(DelegatingConstructorAccessorImpl.java:45)
	at java.base/java.lang.reflect.Constructor.newInstanceWithCaller(Constructor.java:500)
	at java.base/java.lang.reflect.ReflectAccess.newInstance(ReflectAccess.java:128)
	at java.base/jdk.internal.reflect.ReflectionFactory.newInstance(ReflectionFactory.java:350)
	at java.base/java.lang.Class.newInstance(Class.java:645)
	at org.openqa.selenium.support.PageFactory.instantiatePage(PageFactory.java:131)
	at org.openqa.selenium.support.PageFactory.initElements(PageFactory.java:64)
	at page.HomePageObject.<init>(HomePageObject.java:13)
	at jdk.internal.reflect.GeneratedConstructorAccessor9.newInstance(Unknown Source)
	at java.base/jdk.internal.reflect.DelegatingConstructorAccessorImpl.newInstance(DelegatingConstructorAccessorImpl.java:45)
	at java.base/java.lang.reflect.Constructor.newInstanceWithCaller(Constructor.java:500)
	at java.base/java.lang.reflect.ReflectAccess.newInstance(ReflectAccess.java:128)
	at java.base/jdk.internal.reflect.ReflectionFactory.newInstance(ReflectionFactory.java:350)
	at java.base/java.lang.Class.newInstance(Class.java:645)
	at org.openqa.selenium.support.PageFactory.instantiatePage(PageFactory.java:131)
	at org.openqa.selenium.support.PageFactory.initElements(PageFactory.java:64)
	at page.HomePageObject.<init>(HomePageObject.java:13)
	at jdk.internal.reflect.GeneratedConstructorAccessor9.newInstance(Unknown Source)
	at java.base/jdk.internal.reflect.DelegatingConstructorAccessorImpl.newInstance(DelegatingConstructorAccessorImpl.java:45)
	at java.base/java.lang.reflect.Constructor.newInstanceWithCaller(Constructor.java:500)
	at java.base/java.lang.reflect.ReflectAccess.newInstance(ReflectAccess.java:128)
	at java.base/jdk.internal.reflect.ReflectionFactory.newInstance(ReflectionFactory.java:350)
	at java.base/java.lang.Class.newInstance(Class.java:645)
	at org.openqa.selenium.support.PageFactory.instantiatePage(PageFactory.java:131)
	at org.openqa.selenium.support.PageFactory.initElements(PageFactory.java:64)
	at page.HomePageObject.<init>(HomePageObject.java:13)
	at jdk.internal.reflect.GeneratedConstructorAccessor9.newInstance(Unknown Source)
	at java.base/jdk.internal.reflect.DelegatingConstructorAccessorImpl.newInstance(DelegatingConstructorAccessorImpl.java:45)
	at java.base/java.lang.reflect.Constructor.newInstanceWithCaller(Constructor.java:500)
	at java.base/java.lang.reflect.ReflectAccess.newInstance(ReflectAccess.java:128)
	at java.base/jdk.internal.reflect.ReflectionFactory.newInstance(ReflectionFactory.java:350)
	at java.base/java.lang.Class.newInstance(Class.java:645)
	at org.openqa.selenium.support.PageFactory.instantiatePage(PageFactory.java:131)
	at org.openqa.selenium.support.PageFactory.initElements(PageFactory.java:64)
	at page.HomePageObject.<init>(HomePageObject.java:13)
	at jdk.internal.reflect.GeneratedConstructorAccessor9.newInstance(Unknown Source)
	at java.base/jdk.internal.reflect.DelegatingConstructorAccessorImpl.newInstance(DelegatingConstructorAccessorImpl.java:45)
	at java.base/java.lang.reflect.Constructor.newInstanceWithCaller(Constructor.java:500)
	at java.base/java.lang.reflect.ReflectAccess.newInstance(ReflectAccess.java:128)
	at java.base/jdk.internal.reflect.ReflectionFactory.newInstance(ReflectionFactory.java:350)
	at java.base/java.lang.Class.newInstance(Class.java:645)
	at org.openqa.selenium.support.PageFactory.instantiatePage(PageFactory.java:131)
	at org.openqa.selenium.support.PageFactory.initElements(PageFactory.java:64)
	at page.HomePageObject.<init>(HomePageObject.java:13)
	at jdk.internal.reflect.GeneratedConstructorAccessor9.newInstance(Unknown Source)
	at java.base/jdk.internal.reflect.DelegatingConstructorAccessorImpl.newInstance(DelegatingConstructorAccessorImpl.java:45)
	at java.base/java.lang.reflect.Constructor.newInstanceWithCaller(Constructor.java:500)
	at java.base/java.lang.reflect.ReflectAccess.newInstance(ReflectAccess.java:128)
	at java.base/jdk.internal.reflect.ReflectionFactory.newInstance(ReflectionFactory.java:350)
	at java.base/java.lang.Class.newInstance(Class.java:645)
	at org.openqa.selenium.support.PageFactory.instantiatePage(PageFactory.java:131)
	at org.openqa.selenium.support.PageFactory.initElements(PageFactory.java:64)
	at page.HomePageObject.<init>(HomePageObject.java:13)
	at jdk.internal.reflect.GeneratedConstructorAccessor9.newInstance(Unknown Source)
	at java.base/jdk.internal.reflect.DelegatingConstructorAccessorImpl.newInstance(DelegatingConstructorAccessorImpl.java:45)
	at java.base/java.lang.reflect.Constructor.newInstanceWithCaller(Constructor.java:500)
	at java.base/java.lang.reflect.ReflectAccess.newInstance(ReflectAccess.java:128)
	at java.base/jdk.internal.reflect.ReflectionFactory.newInstance(ReflectionFactory.java:350)
	at java.base/java.lang.Class.newInstance(Class.java:645)
	at org.openqa.selenium.support.PageFactory.instantiatePage(PageFactory.java:131)
	at org.openqa.selenium.support.PageFactory.initElements(PageFactory.java:64)
	at page.HomePageObject.<init>(HomePageObject.java:13)
	at jdk.internal.reflect.GeneratedConstructorAccessor9.newInstance(Unknown Source)
	at java.base/jdk.internal.reflect.DelegatingConstructorAccessorImpl.newInstance(DelegatingConstructorAccessorImpl.java:45)
	at java.base/java.lang.reflect.Constructor.newInstanceWithCaller(Constructor.java:500)
	at java.base/java.lang.reflect.ReflectAccess.newInstance(ReflectAccess.java:128)
	at java.base/jdk.internal.reflect.ReflectionFactory.newInstance(ReflectionFactory.java:350)
	at java.base/java.lang.Class.newInstance(Class.java:645)
	at org.openqa.selenium.support.PageFactory.instantiatePage(PageFactory.java:131)
	at org.openqa.selenium.support.PageFactory.initElements(PageFactory.java:64)
	at page.HomePageObject.<init>(HomePageObject.java:13)
	at jdk.internal.reflect.GeneratedConstructorAccessor9.newInstance(Unknown Source)
	at java.base/jdk.internal.reflect.DelegatingConstructorAccessorImpl.newInstance(DelegatingConstructorAccessorImpl.java:45)
	at java.base/java.lang.reflect.Constructor.newInstanceWithCaller(Constructor.java:500)
	at java.base/java.lang.reflect.ReflectAccess.newInstance(ReflectAccess.java:128)
	at java.base/jdk.internal.reflect.ReflectionFactory.newInstance(ReflectionFactory.java:350)
	at java.base/java.lang.Class.newInstance(Class.java:645)
	at org.openqa.selenium.support.PageFactory.instantiatePage(PageFactory.java:131)
	at org.openqa.selenium.support.PageFactory.initElements(PageFactory.java:64)
	at page.HomePageObject.<init>(HomePageObject.java:13)
	at jdk.internal.reflect.GeneratedConstructorAccessor9.newInstance(Unknown Source)
	at java.base/jdk.internal.reflect.DelegatingConstructorAccessorImpl.newInstance(DelegatingConstructorAccessorImpl.java:45)
	at java.base/java.lang.reflect.Constructor.newInstanceWithCaller(Constructor.java:500)
	at java.base/java.lang.reflect.ReflectAccess.newInstance(ReflectAccess.java:128)
	at java.base/jdk.internal.reflect.ReflectionFactory.newInstance(ReflectionFactory.java:350)
	at java.base/java.lang.Class.newInstance(Class.java:645)
	at org.openqa.selenium.support.PageFactory.instantiatePage(PageFactory.java:131)
	at org.openqa.selenium.support.PageFactory.initElements(PageFactory.java:64)
	at page.HomePageObject.<init>(HomePageObject.java:13)
	at jdk.internal.reflect.GeneratedConstructorAccessor9.newInstance(Unknown Source)
	at java.base/jdk.internal.reflect.DelegatingConstructorAccessorImpl.newInstance(DelegatingConstructorAccessorImpl.java:45)
	at java.base/java.lang.reflect.Constructor.newInstanceWithCaller(Constructor.java:500)
	at java.base/java.lang.reflect.ReflectAccess.newInstance(ReflectAccess.java:128)
	at java.base/jdk.internal.reflect.ReflectionFactory.newInstance(ReflectionFactory.java:350)
	at java.base/java.lang.Class.newInstance(Class.java:645)
	at org.openqa.selenium.support.PageFactory.instantiatePage(PageFactory.java:131)
	at org.openqa.selenium.support.PageFactory.initElements(PageFactory.java:64)
	at page.HomePageObject.<init>(HomePageObject.java:13)
	at jdk.internal.reflect.GeneratedConstructorAccessor9.newInstance(Unknown Source)
	at java.base/jdk.internal.reflect.DelegatingConstructorAccessorImpl.newInstance(DelegatingConstructorAccessorImpl.java:45)
	at java.base/java.lang.reflect.Constructor.newInstanceWithCaller(Constructor.java:500)
	at java.base/java.lang.reflect.ReflectAccess.newInstance(ReflectAccess.java:128)
	at java.base/jdk.internal.reflect.ReflectionFactory.newInstance(ReflectionFactory.java:350)
	at java.base/java.lang.Class.newInstance(Class.java:645)
	at org.openqa.selenium.support.PageFactory.instantiatePage(PageFactory.java:131)
	at org.openqa.selenium.support.PageFactory.initElements(PageFactory.java:64)
	at page.HomePageObject.<init>(HomePageObject.java:13)
	at jdk.internal.reflect.GeneratedConstructorAccessor9.newInstance(Unknown Source)
	at java.base/jdk.internal.reflect.DelegatingConstructorAccessorImpl.newInstance(DelegatingConstructorAccessorImpl.java:45)
	at java.base/java.lang.reflect.Constructor.newInstanceWithCaller(Constructor.java:500)
	at java.base/java.lang.reflect.ReflectAccess.newInstance(ReflectAccess.java:128)
	at java.base/jdk.internal.reflect.ReflectionFactory.newInstance(ReflectionFactory.java:350)
	at java.base/java.lang.Class.newInstance(Class.java:645)
	at org.openqa.selenium.support.PageFactory.instantiatePage(PageFactory.java:131)
	at org.openqa.selenium.support.PageFactory.initElements(PageFactory.java:64)
	at page.HomePageObject.<init>(HomePageObject.java:13)
	at jdk.internal.reflect.GeneratedConstructorAccessor9.newInstance(Unknown Source)
	at java.base/jdk.internal.reflect.DelegatingConstructorAccessorImpl.newInstance(DelegatingConstructorAccessorImpl.java:45)
	at java.base/java.lang.reflect.Constructor.newInstanceWithCaller(Constructor.java:500)
	at java.base/java.lang.reflect.ReflectAccess.newInstance(ReflectAccess.java:128)
	at java.base/jdk.internal.reflect.ReflectionFactory.newInstance(ReflectionFactory.java:350)
	at java.base/java.lang.Class.newInstance(Class.java:645)
	at org.openqa.selenium.support.PageFactory.instantiatePage(PageFactory.java:131)
	at org.openqa.selenium.support.PageFactory.initElements(PageFactory.java:64)
	at page.HomePageObject.<init>(HomePageObject.java:13)
	at jdk.internal.reflect.GeneratedConstructorAccessor9.newInstance(Unknown Source)
	at java.base/jdk.internal.reflect.DelegatingConstructorAccessorImpl.newInstance(DelegatingConstructorAccessorImpl.java:45)
	at java.base/java.lang.reflect.Constructor.newInstanceWithCaller(Constructor.java:500)
	at java.base/java.lang.reflect.ReflectAccess.newInstance(ReflectAccess.java:128)
	at java.base/jdk.internal.reflect.ReflectionFactory.newInstance(ReflectionFactory.java:350)
	at java.base/java.lang.Class.newInstance(Class.java:645)
	at org.openqa.selenium.support.PageFactory.instantiatePage(PageFactory.java:131)
	at org.openqa.selenium.support.PageFactory.initElements(PageFactory.java:64)
	at page.HomePageObject.<init>(HomePageObject.java:13)
	at jdk.internal.reflect.GeneratedConstructorAccessor9.newInstance(Unknown Source)
	at java.base/jdk.internal.reflect.DelegatingConstructorAccessorImpl.newInstance(DelegatingConstructorAccessorImpl.java:45)
	at java.base/java.lang.reflect.Constructor.newInstanceWithCaller(Constructor.java:500)
	at java.base/java.lang.reflect.ReflectAccess.newInstance(ReflectAccess.java:128)
	at java.base/jdk.internal.reflect.ReflectionFactory.newInstance(ReflectionFactory.java:350)
	at java.base/java.lang.Class.newInstance(Class.java:645)
	at org.openqa.selenium.support.PageFactory.instantiatePage(PageFactory.java:131)
	at org.openqa.selenium.support.PageFactory.initElements(PageFactory.java:64)
	at page.HomePageObject.<init>(HomePageObject.java:13)
	at jdk.internal.reflect.GeneratedConstructorAccessor9.newInstance(Unknown Source)
	at java.base/jdk.internal.reflect.DelegatingConstructorAccessorImpl.newInstance(DelegatingConstructorAccessorImpl.java:45)
	at java.base/java.lang.reflect.Constructor.newInstanceWithCaller(Constructor.java:500)
	at java.base/java.lang.reflect.ReflectAccess.newInstance(ReflectAccess.java:128)
	at java.base/jdk.internal.reflect.ReflectionFactory.newInstance(ReflectionFactory.java:350)
	at java.base/java.lang.Class.newInstance(Class.java:645)
	at org.openqa.selenium.support.PageFactory.instantiatePage(PageFactory.java:131)
	at org.openqa.selenium.support.PageFactory.initElements(PageFactory.java:64)
	at page.HomePageObject.<init>(HomePageObject.java:13)
	at jdk.internal.reflect.GeneratedConstructorAccessor9.newInstance(Unknown Source)
	at java.base/jdk.internal.reflect.DelegatingConstructorAccessorImpl.newInstance(DelegatingConstructorAccessorImpl.java:45)
	at java.base/java.lang.reflect.Constructor.newInstanceWithCaller(Constructor.java:500)
	at java.base/java.lang.reflect.ReflectAccess.newInstance(ReflectAccess.java:128)
	at java.base/jdk.internal.reflect.ReflectionFactory.newInstance(ReflectionFactory.java:350)
	at java.base/java.lang.Class.newInstance(Class.java:645)
	at org.openqa.selenium.support.PageFactory.instantiatePage(PageFactory.java:131)
	at org.openqa.selenium.support.PageFactory.initElements(PageFactory.java:64)
	at page.HomePageObject.<init>(HomePageObject.java:13)
	at jdk.internal.reflect.GeneratedConstructorAccessor9.newInstance(Unknown Source)
	at java.base/jdk.internal.reflect.DelegatingConstructorAccessorImpl.newInstance(DelegatingConstructorAccessorImpl.java:45)
	at java.base/java.lang.reflect.Constructor.newInstanceWithCaller(Constructor.java:500)
	at java.base/java.lang.reflect.ReflectAccess.newInstance(ReflectAccess.java:128)
	at java.base/jdk.internal.reflect.ReflectionFactory.newInstance(ReflectionFactory.java:350)
	at java.base/java.lang.Class.newInstance(Class.java:645)
	at org.openqa.selenium.support.PageFactory.instantiatePage(PageFactory.java:131)
	at org.openqa.selenium.support.PageFactory.initElements(PageFactory.java:64)
	at page.HomePageObject.<init>(HomePageObject.java:13)
	at jdk.internal.reflect.GeneratedConstructorAccessor9.newInstance(Unknown Source)
	at java.base/jdk.internal.reflect.DelegatingConstructorAccessorImpl.newInstance(DelegatingConstructorAccessorImpl.java:45)
	at java.base/java.lang.reflect.Constructor.newInstanceWithCaller(Constructor.java:500)
	at java.base/java.lang.reflect.ReflectAccess.newInstance(ReflectAccess.java:128)
	at java.base/jdk.internal.reflect.ReflectionFactory.newInstance(ReflectionFactory.java:350)
	at java.base/java.lang.Class.newInstance(Class.java:645)
	at org.openqa.selenium.support.PageFactory.instantiatePage(PageFactory.java:131)
	at org.openqa.selenium.support.PageFactory.initElements(PageFactory.java:64)
	at page.HomePageObject.<init>(HomePageObject.java:13)
	at jdk.internal.reflect.GeneratedConstructorAccessor9.newInstance(Unknown Source)
	at java.base/jdk.internal.reflect.DelegatingConstructorAccessorImpl.newInstance(DelegatingConstructorAccessorImpl.java:45)
	at java.base/java.lang.reflect.Constructor.newInstanceWithCaller(Constructor.java:500)
	at java.base/java.lang.reflect.ReflectAccess.newInstance(ReflectAccess.java:128)
	at java.base/jdk.internal.reflect.ReflectionFactory.newInstance(ReflectionFactory.java:350)
	at java.base/java.lang.Class.newInstance(Class.java:645)
	at org.openqa.selenium.support.PageFactory.instantiatePage(PageFactory.java:131)
	at org.openqa.selenium.support.PageFactory.initElements(PageFactory.java:64)
	at page.HomePageObject.<init>(HomePageObject.java:13)
	at jdk.internal.reflect.GeneratedConstructorAccessor9.newInstance(Unknown Source)
	at java.base/jdk.internal.reflect.DelegatingConstructorAccessorImpl.newInstance(DelegatingConstructorAccessorImpl.java:45)
	at java.base/java.lang.reflect.Constructor.newInstanceWithCaller(Constructor.java:500)
	at java.base/java.lang.reflect.ReflectAccess.newInstance(ReflectAccess.java:128)
	at java.base/jdk.internal.reflect.ReflectionFactory.newInstance(ReflectionFactory.java:350)
	at java.base/java.lang.Class.newInstance(Class.java:645)
	at org.openqa.selenium.support.PageFactory.instantiatePage(PageFactory.java:131)
	at org.openqa.selenium.support.PageFactory.initElements(PageFactory.java:64)
	at page.HomePageObject.<init>(HomePageObject.java:13)
	at jdk.internal.reflect.GeneratedConstructorAccessor9.newInstance(Unknown Source)
	at java.base/jdk.internal.reflect.DelegatingConstructorAccessorImpl.newInstance(DelegatingConstructorAccessorImpl.java:45)
	at java.base/java.lang.reflect.Constructor.newInstanceWithCaller(Constructor.java:500)
	at java.base/java.lang.reflect.ReflectAccess.newInstance(ReflectAccess.java:128)
	at java.base/jdk.internal.reflect.ReflectionFactory.newInstance(ReflectionFactory.java:350)
	at java.base/java.lang.Class.newInstance(Class.java:645)
	at org.openqa.selenium.support.PageFactory.instantiatePage(PageFactory.java:131)
	at org.openqa.selenium.support.PageFactory.initElements(PageFactory.java:64)
	at page.HomePageObject.<init>(HomePageObject.java:13)
	at jdk.internal.reflect.GeneratedConstructorAccessor9.newInstance(Unknown Source)
	at java.base/jdk.internal.reflect.DelegatingConstructorAccessorImpl.newInstance(DelegatingConstructorAccessorImpl.java:45)
	at java.base/java.lang.reflect.Constructor.newInstanceWithCaller(Constructor.java:500)
	at java.base/java.lang.reflect.ReflectAccess.newInstance(ReflectAccess.java:128)
	at java.base/jdk.internal.reflect.ReflectionFactory.newInstance(ReflectionFactory.java:350)
	at java.base/java.lang.Class.newInstance(Class.java:645)
	at org.openqa.selenium.support.PageFactory.instantiatePage(PageFactory.java:131)
	at org.openqa.selenium.support.PageFactory.initElements(PageFactory.java:64)
	at page.HomePageObject.<init>(HomePageObject.java:13)
	at jdk.internal.reflect.GeneratedConstructorAccessor9.newInstance(Unknown Source)
	at java.base/jdk.internal.reflect.DelegatingConstructorAccessorImpl.newInstance(DelegatingConstructorAccessorImpl.java:45)
	at java.base/java.lang.reflect.Constructor.newInstanceWithCaller(Constructor.java:500)
	at java.base/java.lang.reflect.ReflectAccess.newInstance(ReflectAccess.java:128)
	at java.base/jdk.internal.reflect.ReflectionFactory.newInstance(ReflectionFactory.java:350)
	at java.base/java.lang.Class.newInstance(Class.java:645)
	at org.openqa.selenium.support.PageFactory.instantiatePage(PageFactory.java:131)
	at org.openqa.selenium.support.PageFactory.initElements(PageFactory.java:64)
	at page.HomePageObject.<init>(HomePageObject.java:13)
	at jdk.internal.reflect.GeneratedConstructorAccessor9.newInstance(Unknown Source)
	at java.base/jdk.internal.reflect.DelegatingConstructorAccessorImpl.newInstance(DelegatingConstructorAccessorImpl.java:45)
	at java.base/java.lang.reflect.Constructor.newInstanceWithCaller(Constructor.java:500)
	at java.base/java.lang.reflect.ReflectAccess.newInstance(ReflectAccess.java:128)
	at java.base/jdk.internal.reflect.ReflectionFactory.newInstance(ReflectionFactory.java:350)
	at java.base/java.lang.Class.newInstance(Class.java:645)
	at org.openqa.selenium.support.PageFactory.instantiatePage(PageFactory.java:131)
	at org.openqa.selenium.support.PageFactory.initElements(PageFactory.java:64)
	at page.HomePageObject.<init>(HomePageObject.java:13)
	at jdk.internal.reflect.GeneratedConstructorAccessor9.newInstance(Unknown Source)
	at java.base/jdk.internal.reflect.DelegatingConstructorAccessorImpl.newInstance(DelegatingConstructorAccessorImpl.java:45)
	at java.base/java.lang.reflect.Constructor.newInstanceWithCaller(Constructor.java:500)
	at java.base/java.lang.reflect.ReflectAccess.newInstance(ReflectAccess.java:128)
	at java.base/jdk.internal.reflect.ReflectionFactory.newInstance(ReflectionFactory.java:350)
	at java.base/java.lang.Class.newInstance(Class.java:645)
	at org.openqa.selenium.support.PageFactory.instantiatePage(PageFactory.java:131)
	at org.openqa.selenium.support.PageFactory.initElements(PageFactory.java:64)
	at page.HomePageObject.<init>(HomePageObject.java:13)
	at jdk.internal.reflect.GeneratedConstructorAccessor9.newInstance(Unknown Source)
	at java.base/jdk.internal.reflect.DelegatingConstructorAccessorImpl.newInstance(DelegatingConstructorAccessorImpl.java:45)
	at java.base/java.lang.reflect.Constructor.newInstanceWithCaller(Constructor.java:500)
	at java.base/java.lang.reflect.ReflectAccess.newInstance(ReflectAccess.java:128)
	at java.base/jdk.internal.reflect.ReflectionFactory.newInstance(ReflectionFactory.java:350)
	at java.base/java.lang.Class.newInstance(Class.java:645)
	at org.openqa.selenium.support.PageFactory.instantiatePage(PageFactory.java:131)
	at org.openqa.selenium.support.PageFactory.initElements(PageFactory.java:64)
	at page.HomePageObject.<init>(HomePageObject.java:13)
	at jdk.internal.reflect.GeneratedConstructorAccessor9.newInstance(Unknown Source)
	at java.base/jdk.internal.reflect.DelegatingConstructorAccessorImpl.newInstance(DelegatingConstructorAccessorImpl.java:45)
	at java.base/java.lang.reflect.Constructor.newInstanceWithCaller(Constructor.java:500)
	at java.base/java.lang.reflect.ReflectAccess.newInstance(ReflectAccess.java:128)
	at java.base/jdk.internal.reflect.ReflectionFactory.newInstance(ReflectionFactory.java:350)
	at java.base/java.lang.Class.newInstance(Class.java:645)
	at org.openqa.selenium.support.PageFactory.instantiatePage(PageFactory.java:131)
	at org.openqa.selenium.support.PageFactory.initElements(PageFactory.java:64)
	at page.HomePageObject.<init>(HomePageObject.java:13)
	at jdk.internal.reflect.GeneratedConstructorAccessor9.newInstance(Unknown Source)
	at java.base/jdk.internal.reflect.DelegatingConstructorAccessorImpl.newInstance(DelegatingConstructorAccessorImpl.java:45)
	at java.base/java.lang.reflect.Constructor.newInstanceWithCaller(Constructor.java:500)
	at java.base/java.lang.reflect.ReflectAccess.newInstance(ReflectAccess.java:128)
	at java.base/jdk.internal.reflect.ReflectionFactory.newInstance(ReflectionFactory.java:350)
	at java.base/java.lang.Class.newInstance(Class.java:645)
	at org.openqa.selenium.support.PageFactory.instantiatePage(PageFactory.java:131)
	at org.openqa.selenium.support.PageFactory.initElements(PageFactory.java:64)
	at page.HomePageObject.<init>(HomePageObject.java:13)
	at jdk.internal.reflect.GeneratedConstructorAccessor9.newInstance(Unknown Source)
	at java.base/jdk.internal.reflect.DelegatingConstructorAccessorImpl.newInstance(DelegatingConstructorAccessorImpl.java:45)
	at java.base/java.lang.reflect.Constructor.newInstanceWithCaller(Constructor.java:500)
	at java.base/java.lang.reflect.ReflectAccess.newInstance(ReflectAccess.java:128)
	at java.base/jdk.internal.reflect.ReflectionFactory.newInstance(ReflectionFactory.java:350)
	at java.base/java.lang.Class.newInstance(Class.java:645)
	at org.openqa.selenium.support.PageFactory.instantiatePage(PageFactory.java:131)
	at org.openqa.selenium.support.PageFactory.initElements(PageFactory.java:64)
	at page.HomePageObject.<init>(HomePageObject.java:13)
	at jdk.internal.reflect.GeneratedConstructorAccessor9.newInstance(Unknown Source)
	at java.base/jdk.internal.reflect.DelegatingConstructorAccessorImpl.newInstance(DelegatingConstructorAccessorImpl.java:45)
	at java.base/java.lang.reflect.Constructor.newInstanceWithCaller(Constructor.java:500)
	at java.base/java.lang.reflect.ReflectAccess.newInstance(ReflectAccess.java:128)
	at java.base/jdk.internal.reflect.ReflectionFactory.newInstance(ReflectionFactory.java:350)
	at java.base/java.lang.Class.newInstance(Class.java:645)
	at org.openqa.selenium.support.PageFactory.instantiatePage(PageFactory.java:131)
	at org.openqa.selenium.support.PageFactory.initElements(PageFactory.java:64)
	at page.HomePageObject.<init>(HomePageObject.java:13)
	at jdk.internal.reflect.GeneratedConstructorAccessor9.newInstance(Unknown Source)
	at java.base/jdk.internal.reflect.DelegatingConstructorAccessorImpl.newInstance(DelegatingConstructorAccessorImpl.java:45)
	at java.base/java.lang.reflect.Constructor.newInstanceWithCaller(Constructor.java:500)
	at java.base/java.lang.reflect.ReflectAccess.newInstance(ReflectAccess.java:128)
	at java.base/jdk.internal.reflect.ReflectionFactory.newInstance(ReflectionFactory.java:350)
	at java.base/java.lang.Class.newInstance(Class.java:645)
	at org.openqa.selenium.support.PageFactory.instantiatePage(PageFactory.java:131)
	at org.openqa.selenium.support.PageFactory.initElements(PageFactory.java:64)
	at page.HomePageObject.<init>(HomePageObject.java:13)
	at jdk.internal.reflect.GeneratedConstructorAccessor9.newInstance(Unknown Source)
	at java.base/jdk.internal.reflect.DelegatingConstructorAccessorImpl.newInstance(DelegatingConstructorAccessorImpl.java:45)
	at java.base/java.lang.reflect.Constructor.newInstanceWithCaller(Constructor.java:500)
	at java.base/java.lang.reflect.ReflectAccess.newInstance(ReflectAccess.java:128)
	at java.base/jdk.internal.reflect.ReflectionFactory.newInstance(ReflectionFactory.java:350)
	at java.base/java.lang.Class.newInstance(Class.java:645)
	at org.openqa.selenium.support.PageFactory.instantiatePage(PageFactory.java:131)
	at org.openqa.selenium.support.PageFactory.initElements(PageFactory.java:64)
	at page.HomePageObject.<init>(HomePageObject.java:13)
	at jdk.internal.reflect.GeneratedConstructorAccessor9.newInstance(Unknown Source)
	at java.base/jdk.internal.reflect.DelegatingConstructorAccessorImpl.newInstance(DelegatingConstructorAccessorImpl.java:45)
	at java.base/java.lang.reflect.Constructor.newInstanceWithCaller(Constructor.java:500)
	at java.base/java.lang.reflect.ReflectAccess.newInstance(ReflectAccess.java:128)
	at java.base/jdk.internal.reflect.ReflectionFactory.newInstance(ReflectionFactory.java:350)
	at java.base/java.lang.Class.newInstance(Class.java:645)
	at org.openqa.selenium.support.PageFactory.instantiatePage(PageFactory.java:131)
	at org.openqa.selenium.support.PageFactory.initElements(PageFactory.java:64)
	at page.HomePageObject.<init>(HomePageObject.java:13)
	at jdk.internal.reflect.GeneratedConstructorAccessor9.newInstance(Unknown Source)
	at java.base/jdk.internal.reflect.DelegatingConstructorAccessorImpl.newInstance(DelegatingConstructorAccessorImpl.java:45)
	at java.base/java.lang.reflect.Constructor.newInstanceWithCaller(Constructor.java:500)
	at java.base/java.lang.reflect.ReflectAccess.newInstance(ReflectAccess.java:128)
	at java.base/jdk.internal.reflect.ReflectionFactory.newInstance(ReflectionFactory.java:350)
	at java.base/java.lang.Class.newInstance(Class.java:645)
	at org.openqa.selenium.support.PageFactory.instantiatePage(PageFactory.java:131)
	at org.openqa.selenium.support.PageFactory.initElements(PageFactory.java:64)
	at page.HomePageObject.<init>(HomePageObject.java:13)
	at jdk.internal.reflect.GeneratedConstructorAccessor9.newInstance(Unknown Source)
	at java.base/jdk.internal.reflect.DelegatingConstructorAccessorImpl.newInstance(DelegatingConstructorAccessorImpl.java:45)
	at java.base/java.lang.reflect.Constructor.newInstanceWithCaller(Constructor.java:500)
	at java.base/java.lang.reflect.ReflectAccess.newInstance(ReflectAccess.java:128)
	at java.base/jdk.internal.reflect.ReflectionFactory.newInstance(ReflectionFactory.java:350)
	at java.base/java.lang.Class.newInstance(Class.java:645)
	at org.openqa.selenium.support.PageFactory.instantiatePage(PageFactory.java:131)
	at org.openqa.selenium.support.PageFactory.initElements(PageFactory.java:64)
	at page.HomePageObject.<init>(HomePageObject.java:13)
	at jdk.internal.reflect.GeneratedConstructorAccessor9.newInstance(Unknown Source)
	at java.base/jdk.internal.reflect.DelegatingConstructorAccessorImpl.newInstance(DelegatingConstructorAccessorImpl.java:45)
	at java.base/java.lang.reflect.Constructor.newInstanceWithCaller(Constructor.java:500)
	at java.base/java.lang.reflect.ReflectAccess.newInstance(ReflectAccess.java:128)
	at java.base/jdk.internal.reflect.ReflectionFactory.newInstance(ReflectionFactory.java:350)
	at java.base/java.lang.Class.newInstance(Class.java:645)
	at org.openqa.selenium.support.PageFactory.instantiatePage(PageFactory.java:131)
	at org.openqa.selenium.support.PageFactory.initElements(PageFactory.java:64)
	at page.HomePageObject.<init>(HomePageObject.java:13)
	at jdk.internal.reflect.GeneratedConstructorAccessor9.newInstance(Unknown Source)
	at java.base/jdk.internal.reflect.DelegatingConstructorAccessorImpl.newInstance(DelegatingConstructorAccessorImpl.java:45)
	at java.base/java.lang.reflect.Constructor.newInstanceWithCaller(Constructor.java:500)
	at java.base/java.lang.reflect.ReflectAccess.newInstance(ReflectAccess.java:128)
	at java.base/jdk.internal.reflect.ReflectionFactory.newInstance(ReflectionFactory.java:350)
	at java.base/java.lang.Class.newInstance(Class.java:645)
	at org.openqa.selenium.support.PageFactory.instantiatePage(PageFactory.java:131)
	at org.openqa.selenium.support.PageFactory.initElements(PageFactory.java:64)
	at page.HomePageObject.<init>(HomePageObject.java:13)
	at jdk.internal.reflect.GeneratedConstructorAccessor9.newInstance(Unknown Source)
	at java.base/jdk.internal.reflect.DelegatingConstructorAccessorImpl.newInstance(DelegatingConstructorAccessorImpl.java:45)
	at java.base/java.lang.reflect.Constructor.newInstanceWithCaller(Constructor.java:500)
	at java.base/java.lang.reflect.ReflectAccess.newInstance(ReflectAccess.java:128)
	at java.base/jdk.internal.reflect.ReflectionFactory.newInstance(ReflectionFactory.java:350)
	at java.base/java.lang.Class.newInstance(Class.java:645)
	at org.openqa.selenium.support.PageFactory.instantiatePage(PageFactory.java:131)
	at org.openqa.selenium.support.PageFactory.initElements(PageFactory.java:64)
	at page.HomePageObject.<init>(HomePageObject.java:13)
	at jdk.internal.reflect.GeneratedConstructorAccessor9.newInstance(Unknown Source)
	at java.base/jdk.internal.reflect.DelegatingConstructorAccessorImpl.newInstance(DelegatingConstructorAccessorImpl.java:45)
	at java.base/java.lang.reflect.Constructor.newInstanceWithCaller(Constructor.java:500)
	at java.base/java.lang.reflect.ReflectAccess.newInstance(ReflectAccess.java:128)
	at java.base/jdk.internal.reflect.ReflectionFactory.newInstance(ReflectionFactory.java:350)
	at java.base/java.lang.Class.newInstance(Class.java:645)
	at org.openqa.selenium.support.PageFactory.instantiatePage(PageFactory.java:131)
	at org.openqa.selenium.support.PageFactory.initElements(PageFactory.java:64)
	at page.HomePageObject.<init>(HomePageObject.java:13)
	at jdk.internal.reflect.GeneratedConstructorAccessor9.newInstance(Unknown Source)
	at java.base/jdk.internal.reflect.DelegatingConstructorAccessorImpl.newInstance(DelegatingConstructorAccessorImpl.java:45)
	at java.base/java.lang.reflect.Constructor.newInstanceWithCaller(Constructor.java:500)
	at java.base/java.lang.reflect.ReflectAccess.newInstance(ReflectAccess.java:128)
	at java.base/jdk.internal.reflect.ReflectionFactory.newInstance(ReflectionFactory.java:350)
	at java.base/java.lang.Class.newInstance(Class.java:645)
	at org.openqa.selenium.support.PageFactory.instantiatePage(PageFactory.java:131)
	at org.openqa.selenium.support.PageFactory.initElements(PageFactory.java:64)
	at page.HomePageObject.<init>(HomePageObject.java:13)
	at jdk.internal.reflect.GeneratedConstructorAccessor9.newInstance(Unknown Source)
	at java.base/jdk.internal.reflect.DelegatingConstructorAccessorImpl.newInstance(DelegatingConstructorAccessorImpl.java:45)
	at java.base/java.lang.reflect.Constructor.newInstanceWithCaller(Constructor.java:500)
	at java.base/java.lang.reflect.ReflectAccess.newInstance(ReflectAccess.java:128)
	at java.base/jdk.internal.reflect.ReflectionFactory.newInstance(ReflectionFactory.java:350)
	at java.base/java.lang.Class.newInstance(Class.java:645)
	at org.openqa.selenium.support.PageFactory.instantiatePage(PageFactory.java:131)
	at org.openqa.selenium.support.PageFactory.initElements(PageFactory.java:64)
	at page.HomePageObject.<init>(HomePageObject.java:13)
	at jdk.internal.reflect.GeneratedConstructorAccessor9.newInstance(Unknown Source)
	at java.base/jdk.internal.reflect.DelegatingConstructorAccessorImpl.newInstance(DelegatingConstructorAccessorImpl.java:45)
	at java.base/java.lang.reflect.Constructor.newInstanceWithCaller(Constructor.java:500)
	at java.base/java.lang.reflect.ReflectAccess.newInstance(ReflectAccess.java:128)
	at java.base/jdk.internal.reflect.ReflectionFactory.newInstance(ReflectionFactory.java:350)
	at java.base/java.lang.Class.newInstance(Class.java:645)
	at org.openqa.selenium.support.PageFactory.instantiatePage(PageFactory.java:131)
	at org.openqa.selenium.support.PageFactory.initElements(PageFactory.java:64)
	at page.HomePageObject.<init>(HomePageObject.java:13)
	at jdk.internal.reflect.GeneratedConstructorAccessor9.newInstance(Unknown Source)
	at java.base/jdk.internal.reflect.DelegatingConstructorAccessorImpl.newInstance(DelegatingConstructorAccessorImpl.java:45)
	at java.base/java.lang.reflect.Constructor.newInstanceWithCaller(Constructor.java:500)
	at java.base/java.lang.reflect.ReflectAccess.newInstance(ReflectAccess.java:128)
	at java.base/jdk.internal.reflect.ReflectionFactory.newInstance(ReflectionFactory.java:350)
	at java.base/java.lang.Class.newInstance(Class.java:645)
	at org.openqa.selenium.support.PageFactory.instantiatePage(PageFactory.java:131)
	at org.openqa.selenium.support.PageFactory.initElements(PageFactory.java:64)
	at page.HomePageObject.<init>(HomePageObject.java:13)
	at jdk.internal.reflect.GeneratedConstructorAccessor9.newInstance(Unknown Source)
	at java.base/jdk.internal.reflect.DelegatingConstructorAccessorImpl.newInstance(DelegatingConstructorAccessorImpl.java:45)
	at java.base/java.lang.reflect.Constructor.newInstanceWithCaller(Constructor.java:500)
	at java.base/java.lang.reflect.ReflectAccess.newInstance(ReflectAccess.java:128)
	at java.base/jdk.internal.reflect.ReflectionFactory.newInstance(ReflectionFactory.java:350)
	at java.base/java.lang.Class.newInstance(Class.java:645)
	at org.openqa.selenium.support.PageFactory.instantiatePage(PageFactory.java:131)
	at org.openqa.selenium.support.PageFactory.initElements(PageFactory.java:64)
	at page.HomePageObject.<init>(HomePageObject.java:13)
	at jdk.internal.reflect.GeneratedConstructorAccessor9.newInstance(Unknown Source)
	at java.base/jdk.internal.reflect.DelegatingConstructorAccessorImpl.newInstance(DelegatingConstructorAccessorImpl.java:45)
	at java.base/java.lang.reflect.Constructor.newInstanceWithCaller(Constructor.java:500)
	at java.base/java.lang.reflect.ReflectAccess.newInstance(ReflectAccess.java:128)
	at java.base/jdk.internal.reflect.ReflectionFactory.newInstance(ReflectionFactory.java:350)
	at java.base/java.lang.Class.newInstance(Class.java:645)
	at org.openqa.selenium.support.PageFactory.instantiatePage(PageFactory.java:131)
	at org.openqa.selenium.support.PageFactory.initElements(PageFactory.java:64)
	at page.HomePageObject.<init>(HomePageObject.java:13)
	at jdk.internal.reflect.GeneratedConstructorAccessor9.newInstance(Unknown Source)
	at java.base/jdk.internal.reflect.DelegatingConstructorAccessorImpl.newInstance(DelegatingConstructorAccessorImpl.java:45)
	at java.base/java.lang.reflect.Constructor.newInstanceWithCaller(Constructor.java:500)
	at java.base/java.lang.reflect.ReflectAccess.newInstance(ReflectAccess.java:128)
	at java.base/jdk.internal.reflect.ReflectionFactory.newInstance(ReflectionFactory.java:350)
	at java.base/java.lang.Class.newInstance(Class.java:645)
	at org.openqa.selenium.support.PageFactory.instantiatePage(PageFactory.java:131)
	at org.openqa.selenium.support.PageFactory.initElements(PageFactory.java:64)
	at page.HomePageObject.<init>(HomePageObject.java:13)
	at jdk.internal.reflect.GeneratedConstructorAccessor9.newInstance(Unknown Source)
	at java.base/jdk.internal.reflect.DelegatingConstructorAccessorImpl.newInstance(DelegatingConstructorAccessorImpl.java:45)
	at java.base/java.lang.reflect.Constructor.newInstanceWithCaller(Constructor.java:500)
	at java.base/java.lang.reflect.ReflectAccess.newInstance(ReflectAccess.java:128)
	at java.base/jdk.internal.reflect.ReflectionFactory.newInstance(ReflectionFactory.java:350)
	at java.base/java.lang.Class.newInstance(Class.java:645)
	at org.openqa.selenium.support.PageFactory.instantiatePage(PageFactory.java:131)
	at org.openqa.selenium.support.PageFactory.initElements(PageFactory.java:64)
	at page.HomePageObject.<init>(HomePageObject.java:13)
	at jdk.internal.reflect.GeneratedConstructorAccessor9.newInstance(Unknown Source)
	at java.base/jdk.internal.reflect.DelegatingConstructorAccessorImpl.newInstance(DelegatingConstructorAccessorImpl.java:45)
	at java.base/java.lang.reflect.Constructor.newInstanceWithCaller(Constructor.java:500)
	at java.base/java.lang.reflect.ReflectAccess.newInstance(ReflectAccess.java:128)
	at java.base/jdk.internal.reflect.ReflectionFactory.newInstance(ReflectionFactory.java:350)
	at java.base/java.lang.Class.newInstance(Class.java:645)
	at org.openqa.selenium.support.PageFactory.instantiatePage(PageFactory.java:131)
	at org.openqa.selenium.support.PageFactory.initElements(PageFactory.java:64)
	at page.HomePageObject.<init>(HomePageObject.java:13)
	at jdk.internal.reflect.GeneratedConstructorAccessor9.newInstance(Unknown Source)
	at java.base/jdk.internal.reflect.DelegatingConstructorAccessorImpl.newInstance(DelegatingConstructorAccessorImpl.java:45)
	at java.base/java.lang.reflect.Constructor.newInstanceWithCaller(Constructor.java:500)
	at java.base/java.lang.reflect.ReflectAccess.newInstance(ReflectAccess.java:128)
	at java.base/jdk.internal.reflect.ReflectionFactory.newInstance(ReflectionFactory.java:350)
	at java.base/java.lang.Class.newInstance(Class.java:645)
	at org.openqa.selenium.support.PageFactory.instantiatePage(PageFactory.java:131)
	at org.openqa.selenium.support.PageFactory.initElements(PageFactory.java:64)
	at page.HomePageObject.<init>(HomePageObject.java:13)
	at jdk.internal.reflect.GeneratedConstructorAccessor9.newInstance(Unknown Source)
	at java.base/jdk.internal.reflect.DelegatingConstructorAccessorImpl.newInstance(DelegatingConstructorAccessorImpl.java:45)
	at java.base/java.lang.reflect.Constructor.newInstanceWithCaller(Constructor.java:500)
	at java.base/java.lang.reflect.ReflectAccess.newInstance(ReflectAccess.java:128)
	at java.base/jdk.internal.reflect.ReflectionFactory.newInstance(ReflectionFactory.java:350)
	at java.base/java.lang.Class.newInstance(Class.java:645)
]]>
            </full-stacktrace>
          </exception> <!-- java.lang.StackOverflowError -->
          <reporter-output>
          </reporter-output>
        </test-method> <!-- setupbrowser -->
        <test-method signature="verifylogin()[pri:0, instance:tests.HomePageTest@6d026701]" started-at="2021-03-12T12:10:37Z" name="verifylogin" finished-at="2021-03-12T12:10:37Z" duration-ms="2" status="SKIP">
          <reporter-output>
          </reporter-output>
        </test-method> <!-- verifylogin -->
      </class> <!-- tests.HomePageTest -->
    </test> <!-- Default test -->
  </suite> <!-- Default suite -->
</testng-results>
